<?xml version="1.0" encoding="UTF-8"?>
<!-- Generated by org.testng.reporters.JUnitReportReporter -->
<testsuite skipped="0" hostname="Rika-PC" name="com.parasoft.parabank.testcases.RegisterUser" tests="1" failures="0" timestamp="28 Aug 2019 17:10:42 GMT" time="2.912" errors="0">
  <testcase name="testRegister" time="2.912" classname="com.parasoft.parabank.testcases.RegisterUser"/>
</testsuite> <!-- com.parasoft.parabank.testcases.RegisterUser -->
