<?xml version="1.0" encoding="UTF-8"?>
<!-- Generated by org.testng.reporters.JUnitReportReporter -->
<testsuite skipped="0" hostname="Rika-PC" name="com.parasoft.parabank.testcases.RegisterUser" tests="1" failures="0" timestamp="26 Aug 2019 19:39:42 GMT" time="0.695" errors="0">
  <testcase name="testRegister" time="0.695" classname="com.parasoft.parabank.testcases.RegisterUser"/>
</testsuite> <!-- com.parasoft.parabank.testcases.RegisterUser -->
