<?xml version="1.0" encoding="UTF-8"?>
<!-- Generated by org.testng.reporters.JUnitReportReporter -->
<testsuite skipped="0" hostname="Rika-PC" name="com.parasoft.parabank.testcases.RegisterUser" tests="1" failures="0" timestamp="27 Aug 2019 11:44:51 GMT" time="1.855" errors="0">
  <testcase name="testRegister" time="1.855" classname="com.parasoft.parabank.testcases.RegisterUser"/>
</testsuite> <!-- com.parasoft.parabank.testcases.RegisterUser -->
